running egg_info
creating ../../build/roxi_gui/roxi_gui.egg-info
writing ../../build/roxi_gui/roxi_gui.egg-info/PKG-INFO
writing dependency_links to ../../build/roxi_gui/roxi_gui.egg-info/dependency_links.txt
writing requirements to ../../build/roxi_gui/roxi_gui.egg-info/requires.txt
writing top-level names to ../../build/roxi_gui/roxi_gui.egg-info/top_level.txt
writing manifest file '../../build/roxi_gui/roxi_gui.egg-info/SOURCES.txt'
reading manifest file '../../build/roxi_gui/roxi_gui.egg-info/SOURCES.txt'
writing manifest file '../../build/roxi_gui/roxi_gui.egg-info/SOURCES.txt'
running build
running build_py
creating /home/aleks/ROXI_Factory_Tool_ROS2/roxi_comm_ws/build/roxi_gui/build
creating /home/aleks/ROXI_Factory_Tool_ROS2/roxi_comm_ws/build/roxi_gui/build/lib
creating /home/aleks/ROXI_Factory_Tool_ROS2/roxi_comm_ws/build/roxi_gui/build/lib/roxi_gui
copying roxi_gui/__init__.py -> /home/aleks/ROXI_Factory_Tool_ROS2/roxi_comm_ws/build/roxi_gui/build/lib/roxi_gui
copying roxi_gui/gui.py -> /home/aleks/ROXI_Factory_Tool_ROS2/roxi_comm_ws/build/roxi_gui/build/lib/roxi_gui
running install
running install_lib
creating /home/aleks/ROXI_Factory_Tool_ROS2/roxi_comm_ws/install/roxi_gui/lib/python3.12/site-packages/roxi_gui
copying /home/aleks/ROXI_Factory_Tool_ROS2/roxi_comm_ws/build/roxi_gui/build/lib/roxi_gui/__init__.py -> /home/aleks/ROXI_Factory_Tool_ROS2/roxi_comm_ws/install/roxi_gui/lib/python3.12/site-packages/roxi_gui
copying /home/aleks/ROXI_Factory_Tool_ROS2/roxi_comm_ws/build/roxi_gui/build/lib/roxi_gui/gui.py -> /home/aleks/ROXI_Factory_Tool_ROS2/roxi_comm_ws/install/roxi_gui/lib/python3.12/site-packages/roxi_gui
byte-compiling /home/aleks/ROXI_Factory_Tool_ROS2/roxi_comm_ws/install/roxi_gui/lib/python3.12/site-packages/roxi_gui/__init__.py to __init__.cpython-312.pyc
byte-compiling /home/aleks/ROXI_Factory_Tool_ROS2/roxi_comm_ws/install/roxi_gui/lib/python3.12/site-packages/roxi_gui/gui.py to gui.cpython-312.pyc
running install_data
creating /home/aleks/ROXI_Factory_Tool_ROS2/roxi_comm_ws/install/roxi_gui/share/ament_index
creating /home/aleks/ROXI_Factory_Tool_ROS2/roxi_comm_ws/install/roxi_gui/share/ament_index/resource_index
creating /home/aleks/ROXI_Factory_Tool_ROS2/roxi_comm_ws/install/roxi_gui/share/ament_index/resource_index/packages
copying resource/roxi_gui -> /home/aleks/ROXI_Factory_Tool_ROS2/roxi_comm_ws/install/roxi_gui/share/ament_index/resource_index/packages
copying package.xml -> /home/aleks/ROXI_Factory_Tool_ROS2/roxi_comm_ws/install/roxi_gui/share/roxi_gui
running install_egg_info
Copying ../../build/roxi_gui/roxi_gui.egg-info to /home/aleks/ROXI_Factory_Tool_ROS2/roxi_comm_ws/install/roxi_gui/lib/python3.12/site-packages/roxi_gui-0.0.0-py3.12.egg-info
running install_scripts
writing list of installed files to '/home/aleks/ROXI_Factory_Tool_ROS2/roxi_comm_ws/build/roxi_gui/install.log'
