[0.324s] Invoking command in '/home/aleks/ROXI_Factory_Tool_ROS2/roxi_comm_ws/src/roxi_gui': AMENT_PREFIX_PATH=/home/aleks/ROXI_Factory_Tool_ROS2/roxi_comm_ws/install/roxi_communication:${AMENT_PREFIX_PATH} DEBUGINFOD_URLS=https://debuginfod.ubuntu.com PYTHONPATH=/home/aleks/ROXI_Factory_Tool_ROS2/roxi_comm_ws/build/roxi_gui/prefix_override:/usr/lib/python3/dist-packages/colcon_core/task/python/colcon_distutils_commands:/home/aleks/ROXI_Factory_Tool_ROS2/roxi_comm_ws/install/roxi_gui/lib/python3.12/site-packages:/home/aleks/ROXI_Factory_Tool_ROS2/roxi_comm_ws/install/roxi_communication/lib/python3.12/site-packages:${PYTHONPATH} /usr/bin/python3 -W ignore:setup.py install is deprecated -W ignore:easy_install command is deprecated setup.py egg_info --egg-base ../../build/roxi_gui build --build-base /home/aleks/ROXI_Factory_Tool_ROS2/roxi_comm_ws/build/roxi_gui/build install --record /home/aleks/ROXI_Factory_Tool_ROS2/roxi_comm_ws/build/roxi_gui/install.log --single-version-externally-managed install_data
[0.435s] running egg_info
[0.435s] creating ../../build/roxi_gui/roxi_gui.egg-info
[0.442s] writing ../../build/roxi_gui/roxi_gui.egg-info/PKG-INFO
[0.442s] writing dependency_links to ../../build/roxi_gui/roxi_gui.egg-info/dependency_links.txt
[0.442s] writing requirements to ../../build/roxi_gui/roxi_gui.egg-info/requires.txt
[0.442s] writing top-level names to ../../build/roxi_gui/roxi_gui.egg-info/top_level.txt
[0.442s] writing manifest file '../../build/roxi_gui/roxi_gui.egg-info/SOURCES.txt'
[0.457s] reading manifest file '../../build/roxi_gui/roxi_gui.egg-info/SOURCES.txt'
[0.457s] writing manifest file '../../build/roxi_gui/roxi_gui.egg-info/SOURCES.txt'
[0.457s] running build
[0.457s] running build_py
[0.457s] creating /home/aleks/ROXI_Factory_Tool_ROS2/roxi_comm_ws/build/roxi_gui/build
[0.457s] creating /home/aleks/ROXI_Factory_Tool_ROS2/roxi_comm_ws/build/roxi_gui/build/lib
[0.457s] creating /home/aleks/ROXI_Factory_Tool_ROS2/roxi_comm_ws/build/roxi_gui/build/lib/roxi_gui
[0.457s] copying roxi_gui/__init__.py -> /home/aleks/ROXI_Factory_Tool_ROS2/roxi_comm_ws/build/roxi_gui/build/lib/roxi_gui
[0.457s] copying roxi_gui/gui.py -> /home/aleks/ROXI_Factory_Tool_ROS2/roxi_comm_ws/build/roxi_gui/build/lib/roxi_gui
[0.457s] running install
[0.460s] running install_lib
[0.468s] creating /home/aleks/ROXI_Factory_Tool_ROS2/roxi_comm_ws/install/roxi_gui/lib/python3.12/site-packages/roxi_gui
[0.468s] copying /home/aleks/ROXI_Factory_Tool_ROS2/roxi_comm_ws/build/roxi_gui/build/lib/roxi_gui/__init__.py -> /home/aleks/ROXI_Factory_Tool_ROS2/roxi_comm_ws/install/roxi_gui/lib/python3.12/site-packages/roxi_gui
[0.468s] copying /home/aleks/ROXI_Factory_Tool_ROS2/roxi_comm_ws/build/roxi_gui/build/lib/roxi_gui/gui.py -> /home/aleks/ROXI_Factory_Tool_ROS2/roxi_comm_ws/install/roxi_gui/lib/python3.12/site-packages/roxi_gui
[0.468s] byte-compiling /home/aleks/ROXI_Factory_Tool_ROS2/roxi_comm_ws/install/roxi_gui/lib/python3.12/site-packages/roxi_gui/__init__.py to __init__.cpython-312.pyc
[0.468s] byte-compiling /home/aleks/ROXI_Factory_Tool_ROS2/roxi_comm_ws/install/roxi_gui/lib/python3.12/site-packages/roxi_gui/gui.py to gui.cpython-312.pyc
[0.471s] running install_data
[0.471s] creating /home/aleks/ROXI_Factory_Tool_ROS2/roxi_comm_ws/install/roxi_gui/share/ament_index
[0.471s] creating /home/aleks/ROXI_Factory_Tool_ROS2/roxi_comm_ws/install/roxi_gui/share/ament_index/resource_index
[0.471s] creating /home/aleks/ROXI_Factory_Tool_ROS2/roxi_comm_ws/install/roxi_gui/share/ament_index/resource_index/packages
[0.471s] copying resource/roxi_gui -> /home/aleks/ROXI_Factory_Tool_ROS2/roxi_comm_ws/install/roxi_gui/share/ament_index/resource_index/packages
[0.471s] copying package.xml -> /home/aleks/ROXI_Factory_Tool_ROS2/roxi_comm_ws/install/roxi_gui/share/roxi_gui
[0.471s] running install_egg_info
[0.479s] Copying ../../build/roxi_gui/roxi_gui.egg-info to /home/aleks/ROXI_Factory_Tool_ROS2/roxi_comm_ws/install/roxi_gui/lib/python3.12/site-packages/roxi_gui-0.0.0-py3.12.egg-info
[0.479s] running install_scripts
[0.530s] writing list of installed files to '/home/aleks/ROXI_Factory_Tool_ROS2/roxi_comm_ws/build/roxi_gui/install.log'
[0.541s] Invoked command in '/home/aleks/ROXI_Factory_Tool_ROS2/roxi_comm_ws/src/roxi_gui' returned '0': AMENT_PREFIX_PATH=/home/aleks/ROXI_Factory_Tool_ROS2/roxi_comm_ws/install/roxi_communication:${AMENT_PREFIX_PATH} DEBUGINFOD_URLS=https://debuginfod.ubuntu.com PYTHONPATH=/home/aleks/ROXI_Factory_Tool_ROS2/roxi_comm_ws/build/roxi_gui/prefix_override:/usr/lib/python3/dist-packages/colcon_core/task/python/colcon_distutils_commands:/home/aleks/ROXI_Factory_Tool_ROS2/roxi_comm_ws/install/roxi_gui/lib/python3.12/site-packages:/home/aleks/ROXI_Factory_Tool_ROS2/roxi_comm_ws/install/roxi_communication/lib/python3.12/site-packages:${PYTHONPATH} /usr/bin/python3 -W ignore:setup.py install is deprecated -W ignore:easy_install command is deprecated setup.py egg_info --egg-base ../../build/roxi_gui build --build-base /home/aleks/ROXI_Factory_Tool_ROS2/roxi_comm_ws/build/roxi_gui/build install --record /home/aleks/ROXI_Factory_Tool_ROS2/roxi_comm_ws/build/roxi_gui/install.log --single-version-externally-managed install_data
