running egg_info
writing ../../build/roxi_communication/roxi_communication.egg-info/PKG-INFO
writing dependency_links to ../../build/roxi_communication/roxi_communication.egg-info/dependency_links.txt
writing entry points to ../../build/roxi_communication/roxi_communication.egg-info/entry_points.txt
writing requirements to ../../build/roxi_communication/roxi_communication.egg-info/requires.txt
writing top-level names to ../../build/roxi_communication/roxi_communication.egg-info/top_level.txt
reading manifest file '../../build/roxi_communication/roxi_communication.egg-info/SOURCES.txt'
writing manifest file '../../build/roxi_communication/roxi_communication.egg-info/SOURCES.txt'
running build
running build_py
running install
running install_lib
running install_data
copying package.xml -> /home/aleks/ROXI_Factory_Tool_ROS2/roxi_comm_ws/install/roxi_communication/share/roxi_communication
running install_egg_info
removing '/home/aleks/ROXI_Factory_Tool_ROS2/roxi_comm_ws/install/roxi_communication/lib/python3.12/site-packages/roxi_communication-0.0.0-py3.12.egg-info' (and everything under it)
Copying ../../build/roxi_communication/roxi_communication.egg-info to /home/aleks/ROXI_Factory_Tool_ROS2/roxi_comm_ws/install/roxi_communication/lib/python3.12/site-packages/roxi_communication-0.0.0-py3.12.egg-info
running install_scripts
Installing imu_comm_node script to /home/aleks/ROXI_Factory_Tool_ROS2/roxi_comm_ws/install/roxi_communication/lib/roxi_communication
Installing mcu_comm_node script to /home/aleks/ROXI_Factory_Tool_ROS2/roxi_comm_ws/install/roxi_communication/lib/roxi_communication
Installing motor_comm_node script to /home/aleks/ROXI_Factory_Tool_ROS2/roxi_comm_ws/install/roxi_communication/lib/roxi_communication
Installing serial_comm_node script to /home/aleks/ROXI_Factory_Tool_ROS2/roxi_comm_ws/install/roxi_communication/lib/roxi_communication
Installing tray_comm_node script to /home/aleks/ROXI_Factory_Tool_ROS2/roxi_comm_ws/install/roxi_communication/lib/roxi_communication
writing list of installed files to '/home/aleks/ROXI_Factory_Tool_ROS2/roxi_comm_ws/build/roxi_communication/install.log'
