/home/aleks/ROXI_Factory_Tool_ROS2/roxi_comm_ws/install/roxi_communication/lib/python3.12/site-packages/roxi_communication/tray_comm_node.py
/home/aleks/ROXI_Factory_Tool_ROS2/roxi_comm_ws/install/roxi_communication/lib/python3.12/site-packages/roxi_communication/__init__.py
/home/aleks/ROXI_Factory_Tool_ROS2/roxi_comm_ws/install/roxi_communication/lib/python3.12/site-packages/roxi_communication/imu_comm_node.py
/home/aleks/ROXI_Factory_Tool_ROS2/roxi_comm_ws/install/roxi_communication/lib/python3.12/site-packages/roxi_communication/mcu_comm_node.py
/home/aleks/ROXI_Factory_Tool_ROS2/roxi_comm_ws/install/roxi_communication/lib/python3.12/site-packages/roxi_communication/comm_protocol.py
/home/aleks/ROXI_Factory_Tool_ROS2/roxi_comm_ws/install/roxi_communication/lib/python3.12/site-packages/roxi_communication/serial_comm_node.py
/home/aleks/ROXI_Factory_Tool_ROS2/roxi_comm_ws/install/roxi_communication/lib/python3.12/site-packages/roxi_communication/ZLAC8015D.py
/home/aleks/ROXI_Factory_Tool_ROS2/roxi_comm_ws/install/roxi_communication/lib/python3.12/site-packages/roxi_communication/motor_comm_node.py
/home/aleks/ROXI_Factory_Tool_ROS2/roxi_comm_ws/install/roxi_communication/lib/python3.12/site-packages/roxi_communication/__pycache__/tray_comm_node.cpython-312.pyc
/home/aleks/ROXI_Factory_Tool_ROS2/roxi_comm_ws/install/roxi_communication/lib/python3.12/site-packages/roxi_communication/__pycache__/__init__.cpython-312.pyc
/home/aleks/ROXI_Factory_Tool_ROS2/roxi_comm_ws/install/roxi_communication/lib/python3.12/site-packages/roxi_communication/__pycache__/imu_comm_node.cpython-312.pyc
/home/aleks/ROXI_Factory_Tool_ROS2/roxi_comm_ws/install/roxi_communication/lib/python3.12/site-packages/roxi_communication/__pycache__/mcu_comm_node.cpython-312.pyc
/home/aleks/ROXI_Factory_Tool_ROS2/roxi_comm_ws/install/roxi_communication/lib/python3.12/site-packages/roxi_communication/__pycache__/comm_protocol.cpython-312.pyc
/home/aleks/ROXI_Factory_Tool_ROS2/roxi_comm_ws/install/roxi_communication/lib/python3.12/site-packages/roxi_communication/__pycache__/serial_comm_node.cpython-312.pyc
/home/aleks/ROXI_Factory_Tool_ROS2/roxi_comm_ws/install/roxi_communication/lib/python3.12/site-packages/roxi_communication/__pycache__/ZLAC8015D.cpython-312.pyc
/home/aleks/ROXI_Factory_Tool_ROS2/roxi_comm_ws/install/roxi_communication/lib/python3.12/site-packages/roxi_communication/__pycache__/motor_comm_node.cpython-312.pyc
/home/aleks/ROXI_Factory_Tool_ROS2/roxi_comm_ws/install/roxi_communication/share/ament_index/resource_index/packages/roxi_communication
/home/aleks/ROXI_Factory_Tool_ROS2/roxi_comm_ws/install/roxi_communication/share/roxi_communication/package.xml
/home/aleks/ROXI_Factory_Tool_ROS2/roxi_comm_ws/install/roxi_communication/lib/python3.12/site-packages/roxi_communication-0.0.0-py3.12.egg-info/entry_points.txt
/home/aleks/ROXI_Factory_Tool_ROS2/roxi_comm_ws/install/roxi_communication/lib/python3.12/site-packages/roxi_communication-0.0.0-py3.12.egg-info/requires.txt
/home/aleks/ROXI_Factory_Tool_ROS2/roxi_comm_ws/install/roxi_communication/lib/python3.12/site-packages/roxi_communication-0.0.0-py3.12.egg-info/SOURCES.txt
/home/aleks/ROXI_Factory_Tool_ROS2/roxi_comm_ws/install/roxi_communication/lib/python3.12/site-packages/roxi_communication-0.0.0-py3.12.egg-info/dependency_links.txt
/home/aleks/ROXI_Factory_Tool_ROS2/roxi_comm_ws/install/roxi_communication/lib/python3.12/site-packages/roxi_communication-0.0.0-py3.12.egg-info/top_level.txt
/home/aleks/ROXI_Factory_Tool_ROS2/roxi_comm_ws/install/roxi_communication/lib/python3.12/site-packages/roxi_communication-0.0.0-py3.12.egg-info/PKG-INFO
/home/aleks/ROXI_Factory_Tool_ROS2/roxi_comm_ws/install/roxi_communication/lib/python3.12/site-packages/roxi_communication-0.0.0-py3.12.egg-info/zip-safe
/home/aleks/ROXI_Factory_Tool_ROS2/roxi_comm_ws/install/roxi_communication/lib/roxi_communication/imu_comm_node
/home/aleks/ROXI_Factory_Tool_ROS2/roxi_comm_ws/install/roxi_communication/lib/roxi_communication/mcu_comm_node
/home/aleks/ROXI_Factory_Tool_ROS2/roxi_comm_ws/install/roxi_communication/lib/roxi_communication/motor_comm_node
/home/aleks/ROXI_Factory_Tool_ROS2/roxi_comm_ws/install/roxi_communication/lib/roxi_communication/serial_comm_node
/home/aleks/ROXI_Factory_Tool_ROS2/roxi_comm_ws/install/roxi_communication/lib/roxi_communication/tray_comm_node
